<?xml version="1.0" encoding="UTF-8"?>
<!-- Generated by org.testng.reporters.JUnitReportReporter -->
<testsuite hostname="VAIBHAV-Notebook" failures="0" tests="1" name="com.flk.www.qa.testcases.TestAssignment" time="80.245" errors="0" timestamp="2020-08-29T18:46:29 IST" skipped="0">
  <testcase classname="com.flk.www.qa.testcases.TestAssignment" name="Testdata" time="80.245"/>
  <system-out/>
</testsuite> <!-- com.flk.www.qa.testcases.TestAssignment -->
